#
# There is insufficient memory for the Java Runtime Environment to continue.
# Native memory allocation (mmap) failed to map 348127232 bytes for G1 virtual space
# Possible reasons:
#   The system is out of physical RAM or swap space
#   The process is running with CompressedOops enabled, and the Java Heap may be blocking the growth of the native heap
# Possible solutions:
#   Reduce memory load on the system
#   Increase physical memory or swap space
#   Check if swap backing store is full
#   Decrease Java heap size (-Xmx/-Xms)
#   Decrease number of Java threads
#   Decrease Java thread stack sizes (-Xss)
#   Set larger code cache with -XX:ReservedCodeCacheSize=
#   JVM is running with Unscaled Compressed Oops mode in which the Java heap is
#     placed in the first 4GB address space. The Java Heap base address is the
#     maximum limit for the native heap growth. Please use -XX:HeapBaseMinAddress
#     to set the Java Heap base and to place the Java Heap above 4GB virtual address.
# This output file may be truncated or incomplete.
#
#  Out of Memory Error (os_windows.cpp:3548), pid=3016, tid=10408
#
# JRE version: Java(TM) SE Runtime Environment (17.0.10+11) (build 17.0.10+11-LTS-240)
# Java VM: Java HotSpot(TM) 64-Bit Server VM (17.0.10+11-LTS-240, mixed mode, emulated-client, sharing, tiered, compressed oops, compressed class ptrs, g1 gc, windows-amd64)
# No core dump will be written. Minidumps are not enabled by default on client versions of Windows
#

---------------  S U M M A R Y ------------

Command Line: -XX:TieredStopAtLevel=1 -Xverify:none -Dspring.output.ansi.enabled=always -javaagent:C:\Program Files\JetBrains\IntelliJ IDEA 2020.3.4\lib\idea_rt.jar=50473:C:\Program Files\JetBrains\IntelliJ IDEA 2020.3.4\bin -Dcom.sun.management.jmxremote -Dspring.jmx.enabled=true -Dspring.liveBeansView.mbeanDomain -Dspring.application.admin.enabled=true -Dfile.encoding=UTF-8 com.example.bee.BeeApplication

Host: 11th Gen Intel(R) Core(TM) i5-1135G7 @ 2.40GHz, 8 cores, 7G,  Windows 11 , 64 bit Build 22621 (10.0.22621.3672)
Time: Sat Jul 27 00:18:18 2024 SE Asia Standard Time elapsed time: 49.902897 seconds (0d 0h 0m 49s)

---------------  T H R E A D  ---------------

Current thread (0x000001bd3ca946f0):  VMThread "VM Thread" [stack: 0x0000002d6ff00000,0x0000002d70000000] [id=10408]

Stack: [0x0000002d6ff00000,0x0000002d70000000]
Native frames: (J=compiled Java code, j=interpreted, Vv=VM code, C=native code)
V  [jvm.dll+0x677a5a]
V  [jvm.dll+0x7d8b2d]
V  [jvm.dll+0x7da48e]
V  [jvm.dll+0x7daaf3]
V  [jvm.dll+0x2455ff]
V  [jvm.dll+0x6749b9]
V  [jvm.dll+0x669382]
V  [jvm.dll+0x302e96]
V  [jvm.dll+0x30a416]
V  [jvm.dll+0x359cbe]
V  [jvm.dll+0x359eef]
V  [jvm.dll+0x2d9e88]
V  [jvm.dll+0x2d8295]
V  [jvm.dll+0x2d789c]
V  [jvm.dll+0x31b18b]
V  [jvm.dll+0x7df30b]
V  [jvm.dll+0x7e0044]
V  [jvm.dll+0x7e055d]
V  [jvm.dll+0x7e0934]
V  [jvm.dll+0x7e0a00]
V  [jvm.dll+0x78888a]
V  [jvm.dll+0x676935]
C  [ucrtbase.dll+0x29333]
C  [KERNEL32.DLL+0x1257d]
C  [ntdll.dll+0x5af28]

VM_Operation (0x0000002d72cf9f10): G1CollectForAllocation, mode: safepoint, requested by thread 0x000001bd069c1ec0


---------------  P R O C E S S  ---------------

Threads class SMR info:
_java_thread_list=0x000001bd06b291e0, length=42, elements={
0x000001bd3ca97fa0, 0x000001bd3ca9b890, 0x000001bd3caaaa70, 0x000001bd3caab340,
0x000001bd3caabc10, 0x000001bd3caae4f0, 0x000001bd3caaee70, 0x000001bd3cabac90,
0x000001bd3cb1e980, 0x000001bd7f612a40, 0x000001bd7f612f20, 0x000001bd7f687920,
0x000001bd7f7f1cd0, 0x000001bd7f7ecf20, 0x000001bd7f895a20, 0x000001bd7f8945e0,
0x000001bd7f8940d0, 0x000001bd7f896950, 0x000001bd7f8931a0, 0x000001bd7f893bc0,
0x000001bd069c6ab0, 0x000001bd069c4740, 0x000001bd069c28e0, 0x000001bd069c5670,
0x000001bd069c4c50, 0x000001bd069c6fc0, 0x000001bd069c14a0, 0x000001bd069c65a0,
0x000001bd069c4230, 0x000001bd069c1ec0, 0x000001bd069c74d0, 0x000001bd069c5160,
0x000001bd069c0060, 0x000001bd069c0570, 0x000001bd069c23d0, 0x000001bd069c2df0,
0x000001bd069c5b80, 0x000001bd069c19b0, 0x000001bd7e0d01e0, 0x000001bd06c45040,
0x000001bd069c0a80, 0x000001bd044c2030
}

Java Threads: ( => current thread )
  0x000001bd3ca97fa0 JavaThread "Reference Handler" daemon [_thread_blocked, id=19060, stack(0x0000002d70000000,0x0000002d70100000)]
  0x000001bd3ca9b890 JavaThread "Finalizer" daemon [_thread_blocked, id=2384, stack(0x0000002d70100000,0x0000002d70200000)]
  0x000001bd3caaaa70 JavaThread "Signal Dispatcher" daemon [_thread_blocked, id=5148, stack(0x0000002d70200000,0x0000002d70300000)]
  0x000001bd3caab340 JavaThread "Attach Listener" daemon [_thread_blocked, id=18764, stack(0x0000002d70300000,0x0000002d70400000)]
  0x000001bd3caabc10 JavaThread "Service Thread" daemon [_thread_blocked, id=5892, stack(0x0000002d70400000,0x0000002d70500000)]
  0x000001bd3caae4f0 JavaThread "Monitor Deflation Thread" daemon [_thread_blocked, id=9872, stack(0x0000002d70500000,0x0000002d70600000)]
  0x000001bd3caaee70 JavaThread "C1 CompilerThread0" daemon [_thread_blocked, id=8664, stack(0x0000002d70600000,0x0000002d70700000)]
  0x000001bd3cabac90 JavaThread "Sweeper thread" daemon [_thread_blocked, id=2368, stack(0x0000002d70700000,0x0000002d70800000)]
  0x000001bd3cb1e980 JavaThread "Common-Cleaner" daemon [_thread_blocked, id=15512, stack(0x0000002d70800000,0x0000002d70900000)]
  0x000001bd7f612a40 JavaThread "Monitor Ctrl-Break" daemon [_thread_in_native, id=21232, stack(0x0000002d70e00000,0x0000002d70f00000)]
  0x000001bd7f612f20 JavaThread "Notification Thread" daemon [_thread_blocked, id=8160, stack(0x0000002d70f00000,0x0000002d71000000)]
  0x000001bd7f687920 JavaThread "RMI TCP Accept-0" daemon [_thread_in_native, id=11844, stack(0x0000002d71300000,0x0000002d71400000)]
  0x000001bd7f7f1cd0 JavaThread "RMI TCP Connection(idle)" daemon [_thread_blocked, id=11332, stack(0x0000002d71500000,0x0000002d71600000)]
  0x000001bd7f7ecf20 JavaThread "RMI Scheduler(0)" daemon [_thread_blocked, id=11408, stack(0x0000002d71600000,0x0000002d71700000)]
  0x000001bd7f895a20 JavaThread "mysql-cj-abandoned-connection-cleanup" daemon [_thread_blocked, id=5436, stack(0x0000002d71c00000,0x0000002d71d00000)]
  0x000001bd7f8945e0 JavaThread "RMI TCP Connection(6)-192.168.1.54" daemon [_thread_in_native, id=18960, stack(0x0000002d71d00000,0x0000002d71e00000)]
  0x000001bd7f8940d0 JavaThread "HikariPool-1 housekeeper" daemon [_thread_blocked, id=22592, stack(0x0000002d71f00000,0x0000002d72000000)]
  0x000001bd7f896950 JavaThread "Catalina-utility-1" [_thread_blocked, id=14836, stack(0x0000002d72100000,0x0000002d72200000)]
  0x000001bd7f8931a0 JavaThread "Catalina-utility-2" [_thread_blocked, id=5720, stack(0x0000002d72200000,0x0000002d72300000)]
  0x000001bd7f893bc0 JavaThread "container-0" [_thread_blocked, id=22652, stack(0x0000002d72300000,0x0000002d72400000)]
  0x000001bd069c6ab0 JavaThread "java-sdk-http-connection-reaper" daemon [_thread_blocked, id=16380, stack(0x0000002d72400000,0x0000002d72500000)]
  0x000001bd069c4740 JavaThread "File Watcher" daemon [_thread_blocked, id=13568, stack(0x0000002d72000000,0x0000002d72100000)]
  0x000001bd069c28e0 JavaThread "Live Reload Server" daemon [_thread_in_native, id=11340, stack(0x0000002d72600000,0x0000002d72700000)]
  0x000001bd069c5670 JavaThread "http-nio-8081-exec-1" daemon [_thread_blocked, id=18464, stack(0x0000002d72500000,0x0000002d72600000)]
  0x000001bd069c4c50 JavaThread "http-nio-8081-exec-2" daemon [_thread_blocked, id=21536, stack(0x0000002d72700000,0x0000002d72800000)]
  0x000001bd069c6fc0 JavaThread "http-nio-8081-exec-3" daemon [_thread_blocked, id=20940, stack(0x0000002d72800000,0x0000002d72900000)]
  0x000001bd069c14a0 JavaThread "http-nio-8081-exec-4" daemon [_thread_blocked, id=15528, stack(0x0000002d72900000,0x0000002d72a00000)]
  0x000001bd069c65a0 JavaThread "http-nio-8081-exec-5" daemon [_thread_blocked, id=4804, stack(0x0000002d72a00000,0x0000002d72b00000)]
  0x000001bd069c4230 JavaThread "http-nio-8081-exec-6" daemon [_thread_blocked, id=3116, stack(0x0000002d72b00000,0x0000002d72c00000)]
  0x000001bd069c1ec0 JavaThread "http-nio-8081-exec-7" daemon [_thread_blocked, id=21988, stack(0x0000002d72c00000,0x0000002d72d00000)]
  0x000001bd069c74d0 JavaThread "http-nio-8081-exec-8" daemon [_thread_blocked, id=17208, stack(0x0000002d72d00000,0x0000002d72e00000)]
  0x000001bd069c5160 JavaThread "http-nio-8081-exec-9" daemon [_thread_blocked, id=15304, stack(0x0000002d72e00000,0x0000002d72f00000)]
  0x000001bd069c0060 JavaThread "http-nio-8081-exec-10" daemon [_thread_blocked, id=17240, stack(0x0000002d72f00000,0x0000002d73000000)]
  0x000001bd069c0570 JavaThread "http-nio-8081-Poller" daemon [_thread_in_native, id=22680, stack(0x0000002d73000000,0x0000002d73100000)]
  0x000001bd069c23d0 JavaThread "http-nio-8081-Acceptor" daemon [_thread_in_native, id=3880, stack(0x0000002d73100000,0x0000002d73200000)]
  0x000001bd069c2df0 JavaThread "DestroyJavaVM" [_thread_blocked, id=6804, stack(0x0000002d6f900000,0x0000002d6fa00000)]
  0x000001bd069c5b80 JavaThread "RMI TCP Connection(idle)" daemon [_thread_blocked, id=5776, stack(0x0000002d71700000,0x0000002d71800000)]
  0x000001bd069c19b0 JavaThread "RMI TCP Connection(idle)" daemon [_thread_blocked, id=14316, stack(0x0000002d71800000,0x0000002d71900000)]
  0x000001bd7e0d01e0 JavaThread "C1 CompilerThread1" daemon [_thread_blocked, id=16872, stack(0x0000002d70d00000,0x0000002d70e00000)]
  0x000001bd06c45040 JavaThread "C1 CompilerThread2" daemon [_thread_blocked, id=16624, stack(0x0000002d73200000,0x0000002d73300000)]
  0x000001bd069c0a80 JavaThread "HikariPool-1 connection adder" daemon [_thread_blocked, id=18628, stack(0x0000002d73300000,0x0000002d73400000)]
  0x000001bd044c2030 JavaThread "C1 CompilerThread3" daemon [_thread_blocked, id=18008, stack(0x0000002d73400000,0x0000002d73500000)]

Other Threads:
=>0x000001bd3ca946f0 VMThread "VM Thread" [stack: 0x0000002d6ff00000,0x0000002d70000000] [id=10408]
  0x000001bd28d7c360 WatcherThread [stack: 0x0000002d71400000,0x0000002d71500000] [id=3408]
  0x000001bd28dce9e0 GCTaskThread "GC Thread#0" [stack: 0x0000002d6fa00000,0x0000002d6fb00000] [id=10272]
  0x000001bd7ebfe780 GCTaskThread "GC Thread#1" [stack: 0x0000002d70b00000,0x0000002d70c00000] [id=7876]
  0x000001bd7f0d8cb0 GCTaskThread "GC Thread#2" [stack: 0x0000002d70c00000,0x0000002d70d00000] [id=17868]
  0x000001bd7f707ad0 GCTaskThread "GC Thread#3" [stack: 0x0000002d71000000,0x0000002d71100000] [id=22168]
  0x000001bd7f714170 GCTaskThread "GC Thread#4" [stack: 0x0000002d71100000,0x0000002d71200000] [id=4432]
  0x000001bd7f714430 GCTaskThread "GC Thread#5" [stack: 0x0000002d71200000,0x0000002d71300000] [id=18256]
  0x000001bd7f9c6e70 GCTaskThread "GC Thread#6" [stack: 0x0000002d71900000,0x0000002d71a00000] [id=17788]
  0x000001bd7f9c7130 GCTaskThread "GC Thread#7" [stack: 0x0000002d71a00000,0x0000002d71b00000] [id=22676]
  0x000001bd28ddfd10 ConcurrentGCThread "G1 Main Marker" [stack: 0x0000002d6fb00000,0x0000002d6fc00000] [id=9600]
  0x000001bd28de0cd0 ConcurrentGCThread "G1 Conc#0" [stack: 0x0000002d6fc00000,0x0000002d6fd00000] [id=19648]
  0x000001bd04587f90 ConcurrentGCThread "G1 Conc#1" [stack: 0x0000002d71b00000,0x0000002d71c00000] [id=16916]
  0x000001bd3c9424b0 ConcurrentGCThread "G1 Refine#0" [stack: 0x0000002d6fd00000,0x0000002d6fe00000] [id=9252]
  0x000001bd28e38570 ConcurrentGCThread "G1 Service" [stack: 0x0000002d6fe00000,0x0000002d6ff00000] [id=13440]

Threads with active compile tasks:

VM state: at safepoint (normal execution)

VM Mutex/Monitor currently owned by a thread:  ([mutex/lock_event])
[0x000001bd28d772b0] Threads_lock - owner thread: 0x000001bd3ca946f0
[0x000001bd28d75c30] Heap_lock - owner thread: 0x000001bd069c1ec0

Heap address: 0x0000000085200000, size: 1966 MB, Compressed Oops mode: 32-bit

CDS archive(s) mapped at: [0x000001bd3d000000-0x000001bd3dbd0000-0x000001bd3dbd0000), size 12386304, SharedBaseAddress: 0x000001bd3d000000, ArchiveRelocationMode: 1.
Compressed class space mapped at: 0x000001bd3e000000-0x000001bd7e000000, reserved size: 1073741824
Narrow klass base: 0x000001bd3d000000, Narrow klass shift: 0, Narrow klass range: 0x100000000

GC Precious Log:
 CPUs: 8 total, 8 available
 Memory: 7859M
 Large Page Support: Disabled
 NUMA Support: Disabled
 Compressed Oops: Enabled (32-bit)
 Heap Region Size: 1M
 Heap Min Capacity: 8M
 Heap Initial Capacity: 124M
 Heap Max Capacity: 1966M
 Pre-touch: Disabled
 Parallel Workers: 8
 Concurrent Workers: 2
 Concurrent Refinement Workers: 8
 Periodic GC: Disabled

Heap:
 garbage-first heap   total 198656K, used 102351K [0x0000000085200000, 0x0000000100000000)
  region size 1024K, 3 young (3072K), 3 survivors (3072K)
 Metaspace       used 79491K, committed 80320K, reserved 1179648K
  class space    used 11290K, committed 11712K, reserved 1048576K

Heap Regions: E=young(eden), S=young(survivor), O=old, HS=humongous(starts), HC=humongous(continues), CS=collection set, F=free, OA=open archive, CA=closed archive, TAMS=top-at-mark-start (previous, next)
|   0|0x0000000085200000, 0x0000000085300000, 0x0000000085300000|100%|HS|  |TAMS 0x0000000085300000, 0x0000000085300000| Complete 
|   1|0x0000000085300000, 0x0000000085400000, 0x0000000085400000|100%| O|  |TAMS 0x0000000085400000, 0x0000000085400000| Untracked 
|   2|0x0000000085400000, 0x0000000085500000, 0x0000000085500000|100%| O|  |TAMS 0x0000000085500000, 0x0000000085500000| Untracked 
|   3|0x0000000085500000, 0x0000000085600000, 0x0000000085600000|100%| O|  |TAMS 0x0000000085600000, 0x0000000085600000| Untracked 
|   4|0x0000000085600000, 0x0000000085700000, 0x0000000085700000|100%| O|  |TAMS 0x0000000085700000, 0x0000000085700000| Untracked 
|   5|0x0000000085700000, 0x0000000085800000, 0x0000000085800000|100%| O|  |TAMS 0x0000000085800000, 0x0000000085800000| Untracked 
|   6|0x0000000085800000, 0x0000000085900000, 0x0000000085900000|100%| O|  |TAMS 0x0000000085900000, 0x0000000085900000| Untracked 
|   7|0x0000000085900000, 0x0000000085a00000, 0x0000000085a00000|100%| O|  |TAMS 0x0000000085a00000, 0x0000000085a00000| Untracked 
|   8|0x0000000085a00000, 0x0000000085b00000, 0x0000000085b00000|100%| O|  |TAMS 0x0000000085b00000, 0x0000000085b00000| Untracked 
|   9|0x0000000085b00000, 0x0000000085c00000, 0x0000000085c00000|100%| O|  |TAMS 0x0000000085c00000, 0x0000000085c00000| Untracked 
|  10|0x0000000085c00000, 0x0000000085d00000, 0x0000000085d00000|100%| O|  |TAMS 0x0000000085d00000, 0x0000000085d00000| Untracked 
|  11|0x0000000085d00000, 0x0000000085e00000, 0x0000000085e00000|100%| O|  |TAMS 0x0000000085e00000, 0x0000000085e00000| Untracked 
|  12|0x0000000085e00000, 0x0000000085f00000, 0x0000000085f00000|100%| O|  |TAMS 0x0000000085f00000, 0x0000000085f00000| Untracked 
|  13|0x0000000085f00000, 0x0000000086000000, 0x0000000086000000|100%| O|  |TAMS 0x0000000086000000, 0x0000000086000000| Untracked 
|  14|0x0000000086000000, 0x0000000086100000, 0x0000000086100000|100%| O|  |TAMS 0x0000000086100000, 0x0000000086100000| Untracked 
|  15|0x0000000086100000, 0x0000000086200000, 0x0000000086200000|100%| O|  |TAMS 0x0000000086200000, 0x0000000086200000| Untracked 
|  16|0x0000000086200000, 0x0000000086300000, 0x0000000086300000|100%| O|  |TAMS 0x0000000086300000, 0x0000000086300000| Untracked 
|  17|0x0000000086300000, 0x0000000086400000, 0x0000000086400000|100%| O|  |TAMS 0x0000000086400000, 0x0000000086400000| Untracked 
|  18|0x0000000086400000, 0x0000000086500000, 0x0000000086500000|100%|HS|  |TAMS 0x0000000086500000, 0x0000000086500000| Complete 
|  19|0x0000000086500000, 0x0000000086600000, 0x0000000086600000|100%|HS|  |TAMS 0x0000000086600000, 0x0000000086600000| Complete 
|  20|0x0000000086600000, 0x0000000086700000, 0x0000000086700000|100%| O|  |TAMS 0x0000000086700000, 0x0000000086700000| Untracked 
|  21|0x0000000086700000, 0x0000000086800000, 0x0000000086800000|100%| O|  |TAMS 0x0000000086800000, 0x0000000086800000| Untracked 
|  22|0x0000000086800000, 0x0000000086900000, 0x0000000086900000|100%| O|  |TAMS 0x0000000086900000, 0x0000000086900000| Untracked 
|  23|0x0000000086900000, 0x0000000086a00000, 0x0000000086a00000|100%| O|  |TAMS 0x0000000086a00000, 0x0000000086a00000| Untracked 
|  24|0x0000000086a00000, 0x0000000086b00000, 0x0000000086b00000|100%| O|  |TAMS 0x0000000086b00000, 0x0000000086b00000| Untracked 
|  25|0x0000000086b00000, 0x0000000086c00000, 0x0000000086c00000|100%| O|  |TAMS 0x0000000086c00000, 0x0000000086c00000| Untracked 
|  26|0x0000000086c00000, 0x0000000086d00000, 0x0000000086d00000|100%| O|  |TAMS 0x0000000086d00000, 0x0000000086d00000| Untracked 
|  27|0x0000000086d00000, 0x0000000086e00000, 0x0000000086e00000|100%| O|  |TAMS 0x0000000086e00000, 0x0000000086e00000| Untracked 
|  28|0x0000000086e00000, 0x0000000086f00000, 0x0000000086f00000|100%| O|  |TAMS 0x0000000086f00000, 0x0000000086f00000| Untracked 
|  29|0x0000000086f00000, 0x0000000087000000, 0x0000000087000000|100%| O|  |TAMS 0x0000000087000000, 0x0000000087000000| Untracked 
|  30|0x0000000087000000, 0x0000000087100000, 0x0000000087100000|100%| O|  |TAMS 0x0000000087100000, 0x0000000087100000| Untracked 
|  31|0x0000000087100000, 0x0000000087200000, 0x0000000087200000|100%| O|  |TAMS 0x0000000087200000, 0x0000000087200000| Untracked 
|  32|0x0000000087200000, 0x0000000087300000, 0x0000000087300000|100%| O|  |TAMS 0x0000000087300000, 0x0000000087300000| Untracked 
|  33|0x0000000087300000, 0x0000000087400000, 0x0000000087400000|100%| O|  |TAMS 0x0000000087400000, 0x0000000087400000| Untracked 
|  34|0x0000000087400000, 0x0000000087500000, 0x0000000087500000|100%| O|  |TAMS 0x0000000087500000, 0x0000000087500000| Untracked 
|  35|0x0000000087500000, 0x0000000087600000, 0x0000000087600000|100%| O|  |TAMS 0x0000000087600000, 0x0000000087600000| Untracked 
|  36|0x0000000087600000, 0x0000000087700000, 0x0000000087700000|100%| O|  |TAMS 0x0000000087700000, 0x0000000087700000| Untracked 
|  37|0x0000000087700000, 0x0000000087800000, 0x0000000087800000|100%| O|  |TAMS 0x0000000087800000, 0x0000000087800000| Untracked 
|  38|0x0000000087800000, 0x0000000087900000, 0x0000000087900000|100%| O|  |TAMS 0x0000000087900000, 0x0000000087900000| Untracked 
|  39|0x0000000087900000, 0x0000000087a00000, 0x0000000087a00000|100%| O|  |TAMS 0x0000000087a00000, 0x0000000087a00000| Untracked 
|  40|0x0000000087a00000, 0x0000000087b00000, 0x0000000087b00000|100%| O|  |TAMS 0x0000000087b00000, 0x0000000087b00000| Untracked 
|  41|0x0000000087b00000, 0x0000000087c00000, 0x0000000087c00000|100%| O|  |TAMS 0x0000000087c00000, 0x0000000087c00000| Untracked 
|  42|0x0000000087c00000, 0x0000000087d00000, 0x0000000087d00000|100%| O|  |TAMS 0x0000000087d00000, 0x0000000087d00000| Untracked 
|  43|0x0000000087d00000, 0x0000000087e00000, 0x0000000087e00000|100%| O|  |TAMS 0x0000000087e00000, 0x0000000087e00000| Untracked 
|  44|0x0000000087e00000, 0x0000000087f00000, 0x0000000087f00000|100%| O|  |TAMS 0x0000000087f00000, 0x0000000087f00000| Untracked 
|  45|0x0000000087f00000, 0x0000000088000000, 0x0000000088000000|100%| O|  |TAMS 0x0000000088000000, 0x0000000088000000| Untracked 
|  46|0x0000000088000000, 0x0000000088100000, 0x0000000088100000|100%| O|  |TAMS 0x0000000088100000, 0x0000000088100000| Untracked 
|  47|0x0000000088100000, 0x0000000088200000, 0x0000000088200000|100%| O|  |TAMS 0x0000000088200000, 0x0000000088200000| Untracked 
|  48|0x0000000088200000, 0x0000000088300000, 0x0000000088300000|100%| O|  |TAMS 0x0000000088300000, 0x0000000088300000| Untracked 
|  49|0x0000000088300000, 0x0000000088400000, 0x0000000088400000|100%| O|  |TAMS 0x0000000088400000, 0x0000000088400000| Untracked 
|  50|0x0000000088400000, 0x0000000088500000, 0x0000000088500000|100%| O|  |TAMS 0x0000000088500000, 0x0000000088500000| Untracked 
|  51|0x0000000088500000, 0x0000000088600000, 0x0000000088600000|100%| O|  |TAMS 0x0000000088600000, 0x0000000088600000| Untracked 
|  52|0x0000000088600000, 0x0000000088700000, 0x0000000088700000|100%| O|  |TAMS 0x0000000088700000, 0x0000000088700000| Untracked 
|  53|0x0000000088700000, 0x0000000088800000, 0x0000000088800000|100%| O|  |TAMS 0x0000000088800000, 0x0000000088800000| Untracked 
|  54|0x0000000088800000, 0x0000000088900000, 0x0000000088900000|100%| O|  |TAMS 0x0000000088900000, 0x0000000088900000| Untracked 
|  55|0x0000000088900000, 0x0000000088a00000, 0x0000000088a00000|100%| O|  |TAMS 0x0000000088a00000, 0x0000000088a00000| Untracked 
|  56|0x0000000088a00000, 0x0000000088b00000, 0x0000000088b00000|100%| O|  |TAMS 0x0000000088b00000, 0x0000000088b00000| Untracked 
|  57|0x0000000088b00000, 0x0000000088c00000, 0x0000000088c00000|100%| O|  |TAMS 0x0000000088c00000, 0x0000000088c00000| Untracked 
|  58|0x0000000088c00000, 0x0000000088d00000, 0x0000000088d00000|100%| O|  |TAMS 0x0000000088d00000, 0x0000000088d00000| Untracked 
|  59|0x0000000088d00000, 0x0000000088e00000, 0x0000000088e00000|100%| O|  |TAMS 0x0000000088e00000, 0x0000000088e00000| Untracked 
|  60|0x0000000088e00000, 0x0000000088f00000, 0x0000000088f00000|100%| O|  |TAMS 0x0000000088f00000, 0x0000000088f00000| Untracked 
|  61|0x0000000088f00000, 0x0000000089000000, 0x0000000089000000|100%| O|  |TAMS 0x0000000089000000, 0x0000000089000000| Untracked 
|  62|0x0000000089000000, 0x0000000089100000, 0x0000000089100000|100%| O|  |TAMS 0x0000000089100000, 0x0000000089100000| Untracked 
|  63|0x0000000089100000, 0x0000000089200000, 0x0000000089200000|100%| O|  |TAMS 0x0000000089200000, 0x0000000089200000| Untracked 
|  64|0x0000000089200000, 0x0000000089300000, 0x0000000089300000|100%| O|  |TAMS 0x0000000089300000, 0x0000000089300000| Untracked 
|  65|0x0000000089300000, 0x0000000089400000, 0x0000000089400000|100%| O|  |TAMS 0x0000000089400000, 0x0000000089400000| Untracked 
|  66|0x0000000089400000, 0x0000000089500000, 0x0000000089500000|100%| O|  |TAMS 0x0000000089500000, 0x0000000089500000| Untracked 
|  67|0x0000000089500000, 0x0000000089600000, 0x0000000089600000|100%| O|  |TAMS 0x0000000089600000, 0x0000000089600000| Untracked 
|  68|0x0000000089600000, 0x0000000089700000, 0x0000000089700000|100%| O|  |TAMS 0x0000000089700000, 0x0000000089700000| Untracked 
|  69|0x0000000089700000, 0x0000000089800000, 0x0000000089800000|100%| O|  |TAMS 0x0000000089800000, 0x0000000089800000| Untracked 
|  70|0x0000000089800000, 0x0000000089900000, 0x0000000089900000|100%| O|  |TAMS 0x0000000089900000, 0x0000000089900000| Untracked 
|  71|0x0000000089900000, 0x0000000089a00000, 0x0000000089a00000|100%| O|  |TAMS 0x0000000089a00000, 0x0000000089a00000| Untracked 
|  72|0x0000000089a00000, 0x0000000089b00000, 0x0000000089b00000|100%| O|  |TAMS 0x0000000089b00000, 0x0000000089b00000| Untracked 
|  73|0x0000000089b00000, 0x0000000089c00000, 0x0000000089c00000|100%| O|  |TAMS 0x0000000089c00000, 0x0000000089c00000| Untracked 
|  74|0x0000000089c00000, 0x0000000089d00000, 0x0000000089d00000|100%| O|  |TAMS 0x0000000089d00000, 0x0000000089d00000| Untracked 
|  75|0x0000000089d00000, 0x0000000089e00000, 0x0000000089e00000|100%| O|  |TAMS 0x0000000089e00000, 0x0000000089e00000| Untracked 
|  76|0x0000000089e00000, 0x0000000089f00000, 0x0000000089f00000|100%| O|  |TAMS 0x0000000089f00000, 0x0000000089f00000| Untracked 
|  77|0x0000000089f00000, 0x000000008a000000, 0x000000008a000000|100%| O|  |TAMS 0x000000008a000000, 0x000000008a000000| Untracked 
|  78|0x000000008a000000, 0x000000008a100000, 0x000000008a100000|100%| O|  |TAMS 0x000000008a100000, 0x000000008a100000| Untracked 
|  79|0x000000008a100000, 0x000000008a200000, 0x000000008a200000|100%| O|  |TAMS 0x000000008a200000, 0x000000008a200000| Untracked 
|  80|0x000000008a200000, 0x000000008a200000, 0x000000008a300000|  0%| F|  |TAMS 0x000000008a200000, 0x000000008a200000| Untracked 
|  81|0x000000008a300000, 0x000000008a300000, 0x000000008a400000|  0%| F|  |TAMS 0x000000008a300000, 0x000000008a300000| Untracked 
|  82|0x000000008a400000, 0x000000008a500000, 0x000000008a500000|100%| O|  |TAMS 0x000000008a500000, 0x000000008a500000| Untracked 
|  83|0x000000008a500000, 0x000000008a600000, 0x000000008a600000|100%| O|  |TAMS 0x000000008a600000, 0x000000008a600000| Untracked 
|  84|0x000000008a600000, 0x000000008a700000, 0x000000008a700000|100%| O|  |TAMS 0x000000008a700000, 0x000000008a700000| Untracked 
|  85|0x000000008a700000, 0x000000008a800000, 0x000000008a800000|100%| O|  |TAMS 0x000000008a800000, 0x000000008a800000| Untracked 
|  86|0x000000008a800000, 0x000000008a900000, 0x000000008a900000|100%| O|  |TAMS 0x000000008a900000, 0x000000008a900000| Untracked 
|  87|0x000000008a900000, 0x000000008aa00000, 0x000000008aa00000|100%| O|  |TAMS 0x000000008a952800, 0x000000008aa00000| Untracked 
|  88|0x000000008aa00000, 0x000000008ab00000, 0x000000008ab00000|100%| O|  |TAMS 0x000000008aa00000, 0x000000008ab00000| Untracked 
|  89|0x000000008ab00000, 0x000000008ac00000, 0x000000008ac00000|100%| O|  |TAMS 0x000000008ab00000, 0x000000008ac00000| Untracked 
|  90|0x000000008ac00000, 0x000000008ad00000, 0x000000008ad00000|100%| O|  |TAMS 0x000000008ac00000, 0x000000008ad00000| Untracked 
|  91|0x000000008ad00000, 0x000000008ae00000, 0x000000008ae00000|100%| O|  |TAMS 0x000000008ad00000, 0x000000008ae00000| Untracked 
|  92|0x000000008ae00000, 0x000000008af00000, 0x000000008af00000|100%| O|  |TAMS 0x000000008ae00000, 0x000000008af00000| Untracked 
|  93|0x000000008af00000, 0x000000008b000000, 0x000000008b000000|100%| O|  |TAMS 0x000000008af00000, 0x000000008b000000| Untracked 
|  94|0x000000008b000000, 0x000000008b100000, 0x000000008b100000|100%| O|  |TAMS 0x000000008b000000, 0x000000008b100000| Untracked 
|  95|0x000000008b100000, 0x000000008b200000, 0x000000008b200000|100%| O|  |TAMS 0x000000008b100000, 0x000000008b200000| Untracked 
|  96|0x000000008b200000, 0x000000008b300000, 0x000000008b300000|100%| O|  |TAMS 0x000000008b200000, 0x000000008b300000| Untracked 
|  97|0x000000008b300000, 0x000000008b400000, 0x000000008b400000|100%| O|  |TAMS 0x000000008b300000, 0x000000008b400000| Untracked 
|  98|0x000000008b400000, 0x000000008b500000, 0x000000008b500000|100%| O|  |TAMS 0x000000008b400000, 0x000000008b500000| Untracked 
|  99|0x000000008b500000, 0x000000008b575c00, 0x000000008b600000| 45%| O|  |TAMS 0x000000008b500000, 0x000000008b575c00| Untracked 
| 100|0x000000008b600000, 0x000000008b600000, 0x000000008b700000|  0%| F|  |TAMS 0x000000008b600000, 0x000000008b600000| Untracked 
| 101|0x000000008b700000, 0x000000008b700000, 0x000000008b800000|  0%| F|  |TAMS 0x000000008b700000, 0x000000008b700000| Untracked 
| 102|0x000000008b800000, 0x000000008b800000, 0x000000008b900000|  0%| F|  |TAMS 0x000000008b800000, 0x000000008b800000| Untracked 
| 103|0x000000008b900000, 0x000000008b900000, 0x000000008ba00000|  0%| F|  |TAMS 0x000000008b900000, 0x000000008b900000| Untracked 
| 104|0x000000008ba00000, 0x000000008ba00000, 0x000000008bb00000|  0%| F|  |TAMS 0x000000008ba00000, 0x000000008ba00000| Untracked 
| 105|0x000000008bb00000, 0x000000008bb00000, 0x000000008bc00000|  0%| F|  |TAMS 0x000000008bb00000, 0x000000008bb00000| Untracked 
| 106|0x000000008bc00000, 0x000000008bc00000, 0x000000008bd00000|  0%| F|  |TAMS 0x000000008bc00000, 0x000000008bc00000| Untracked 
| 107|0x000000008bd00000, 0x000000008bd00000, 0x000000008be00000|  0%| F|  |TAMS 0x000000008bd00000, 0x000000008bd00000| Untracked 
| 108|0x000000008be00000, 0x000000008be00000, 0x000000008bf00000|  0%| F|  |TAMS 0x000000008be00000, 0x000000008be00000| Untracked 
| 109|0x000000008bf00000, 0x000000008bf00000, 0x000000008c000000|  0%| F|  |TAMS 0x000000008bf00000, 0x000000008bf00000| Untracked 
| 110|0x000000008c000000, 0x000000008c000000, 0x000000008c100000|  0%| F|  |TAMS 0x000000008c000000, 0x000000008c000000| Untracked 
| 111|0x000000008c100000, 0x000000008c100000, 0x000000008c200000|  0%| F|  |TAMS 0x000000008c100000, 0x000000008c100000| Untracked 
| 112|0x000000008c200000, 0x000000008c200000, 0x000000008c300000|  0%| F|  |TAMS 0x000000008c200000, 0x000000008c200000| Untracked 
| 113|0x000000008c300000, 0x000000008c300000, 0x000000008c400000|  0%| F|  |TAMS 0x000000008c300000, 0x000000008c300000| Untracked 
| 114|0x000000008c400000, 0x000000008c400000, 0x000000008c500000|  0%| F|  |TAMS 0x000000008c400000, 0x000000008c400000| Untracked 
| 115|0x000000008c500000, 0x000000008c500000, 0x000000008c600000|  0%| F|  |TAMS 0x000000008c500000, 0x000000008c500000| Untracked 
| 116|0x000000008c600000, 0x000000008c600000, 0x000000008c700000|  0%| F|  |TAMS 0x000000008c600000, 0x000000008c600000| Untracked 
| 117|0x000000008c700000, 0x000000008c700000, 0x000000008c800000|  0%| F|  |TAMS 0x000000008c700000, 0x000000008c700000| Untracked 
| 118|0x000000008c800000, 0x000000008c800000, 0x000000008c900000|  0%| F|  |TAMS 0x000000008c800000, 0x000000008c800000| Untracked 
| 119|0x000000008c900000, 0x000000008c900000, 0x000000008ca00000|  0%| F|  |TAMS 0x000000008c900000, 0x000000008c900000| Untracked 
| 120|0x000000008ca00000, 0x000000008ca00000, 0x000000008cb00000|  0%| F|  |TAMS 0x000000008ca00000, 0x000000008ca00000| Untracked 
| 121|0x000000008cb00000, 0x000000008cb00000, 0x000000008cc00000|  0%| F|  |TAMS 0x000000008cb00000, 0x000000008cb00000| Untracked 
| 122|0x000000008cc00000, 0x000000008cc00000, 0x000000008cd00000|  0%| F|  |TAMS 0x000000008cc00000, 0x000000008cc00000| Untracked 
| 123|0x000000008cd00000, 0x000000008cd00000, 0x000000008ce00000|  0%| F|  |TAMS 0x000000008cd00000, 0x000000008cd00000| Untracked 
| 124|0x000000008ce00000, 0x000000008ce00000, 0x000000008cf00000|  0%| F|  |TAMS 0x000000008ce00000, 0x000000008ce00000| Untracked 
| 125|0x000000008cf00000, 0x000000008cf00000, 0x000000008d000000|  0%| F|  |TAMS 0x000000008cf00000, 0x000000008cf00000| Untracked 
| 126|0x000000008d000000, 0x000000008d000000, 0x000000008d100000|  0%| F|  |TAMS 0x000000008d000000, 0x000000008d000000| Untracked 
| 127|0x000000008d100000, 0x000000008d100000, 0x000000008d200000|  0%| F|  |TAMS 0x000000008d100000, 0x000000008d100000| Untracked 
| 128|0x000000008d200000, 0x000000008d27e160, 0x000000008d300000| 49%| S|CS|TAMS 0x000000008d200000, 0x000000008d200000| Complete 
| 129|0x000000008d300000, 0x000000008d400000, 0x000000008d400000|100%| S|CS|TAMS 0x000000008d300000, 0x000000008d300000| Complete 
| 130|0x000000008d400000, 0x000000008d500000, 0x000000008d500000|100%| S|CS|TAMS 0x000000008d400000, 0x000000008d400000| Complete 
| 131|0x000000008d500000, 0x000000008d500000, 0x000000008d600000|  0%| F|  |TAMS 0x000000008d500000, 0x000000008d500000| Untracked 
| 132|0x000000008d600000, 0x000000008d600000, 0x000000008d700000|  0%| F|  |TAMS 0x000000008d600000, 0x000000008d600000| Untracked 
| 133|0x000000008d700000, 0x000000008d700000, 0x000000008d800000|  0%| F|  |TAMS 0x000000008d700000, 0x000000008d700000| Untracked 
| 134|0x000000008d800000, 0x000000008d800000, 0x000000008d900000|  0%| F|  |TAMS 0x000000008d800000, 0x000000008d800000| Untracked 
| 135|0x000000008d900000, 0x000000008d900000, 0x000000008da00000|  0%| F|  |TAMS 0x000000008d900000, 0x000000008d900000| Untracked 
| 136|0x000000008da00000, 0x000000008da00000, 0x000000008db00000|  0%| F|  |TAMS 0x000000008da00000, 0x000000008da00000| Untracked 
| 137|0x000000008db00000, 0x000000008db00000, 0x000000008dc00000|  0%| F|  |TAMS 0x000000008db00000, 0x000000008db00000| Untracked 
| 138|0x000000008dc00000, 0x000000008dc00000, 0x000000008dd00000|  0%| F|  |TAMS 0x000000008dc00000, 0x000000008dc00000| Untracked 
| 139|0x000000008dd00000, 0x000000008dd00000, 0x000000008de00000|  0%| F|  |TAMS 0x000000008dd00000, 0x000000008dd00000| Untracked 
| 140|0x000000008de00000, 0x000000008de00000, 0x000000008df00000|  0%| F|  |TAMS 0x000000008de00000, 0x000000008de00000| Untracked 
| 141|0x000000008df00000, 0x000000008df00000, 0x000000008e000000|  0%| F|  |TAMS 0x000000008df00000, 0x000000008df00000| Untracked 
| 142|0x000000008e000000, 0x000000008e000000, 0x000000008e100000|  0%| F|  |TAMS 0x000000008e000000, 0x000000008e000000| Untracked 
| 143|0x000000008e100000, 0x000000008e100000, 0x000000008e200000|  0%| F|  |TAMS 0x000000008e100000, 0x000000008e100000| Untracked 
| 144|0x000000008e200000, 0x000000008e200000, 0x000000008e300000|  0%| F|  |TAMS 0x000000008e200000, 0x000000008e200000| Untracked 
| 145|0x000000008e300000, 0x000000008e300000, 0x000000008e400000|  0%| F|  |TAMS 0x000000008e300000, 0x000000008e300000| Untracked 
| 146|0x000000008e400000, 0x000000008e400000, 0x000000008e500000|  0%| F|  |TAMS 0x000000008e400000, 0x000000008e400000| Untracked 
| 147|0x000000008e500000, 0x000000008e500000, 0x000000008e600000|  0%| F|  |TAMS 0x000000008e500000, 0x000000008e500000| Untracked 
| 148|0x000000008e600000, 0x000000008e600000, 0x000000008e700000|  0%| F|  |TAMS 0x000000008e600000, 0x000000008e600000| Untracked 
| 149|0x000000008e700000, 0x000000008e700000, 0x000000008e800000|  0%| F|  |TAMS 0x000000008e700000, 0x000000008e700000| Untracked 
| 150|0x000000008e800000, 0x000000008e800000, 0x000000008e900000|  0%| F|  |TAMS 0x000000008e800000, 0x000000008e800000| Untracked 
| 151|0x000000008e900000, 0x000000008e900000, 0x000000008ea00000|  0%| F|  |TAMS 0x000000008e900000, 0x000000008e900000| Untracked 
| 152|0x000000008ea00000, 0x000000008ea00000, 0x000000008eb00000|  0%| F|  |TAMS 0x000000008ea00000, 0x000000008ea00000| Untracked 
| 153|0x000000008eb00000, 0x000000008eb00000, 0x000000008ec00000|  0%| F|  |TAMS 0x000000008eb00000, 0x000000008eb00000| Untracked 
| 154|0x000000008ec00000, 0x000000008ec00000, 0x000000008ed00000|  0%| F|  |TAMS 0x000000008ec00000, 0x000000008ec00000| Untracked 
| 155|0x000000008ed00000, 0x000000008ed00000, 0x000000008ee00000|  0%| F|  |TAMS 0x000000008ed00000, 0x000000008ed00000| Untracked 
| 156|0x000000008ee00000, 0x000000008ee00000, 0x000000008ef00000|  0%| F|  |TAMS 0x000000008ee00000, 0x000000008ee00000| Untracked 
| 157|0x000000008ef00000, 0x000000008ef00000, 0x000000008f000000|  0%| F|  |TAMS 0x000000008ef00000, 0x000000008ef00000| Untracked 
| 158|0x000000008f000000, 0x000000008f000000, 0x000000008f100000|  0%| F|  |TAMS 0x000000008f000000, 0x000000008f000000| Untracked 
| 159|0x000000008f100000, 0x000000008f100000, 0x000000008f200000|  0%| F|  |TAMS 0x000000008f100000, 0x000000008f100000| Untracked 
| 160|0x000000008f200000, 0x000000008f200000, 0x000000008f300000|  0%| F|  |TAMS 0x000000008f200000, 0x000000008f200000| Untracked 
| 161|0x000000008f300000, 0x000000008f300000, 0x000000008f400000|  0%| F|  |TAMS 0x000000008f300000, 0x000000008f300000| Untracked 
| 162|0x000000008f400000, 0x000000008f400000, 0x000000008f500000|  0%| F|  |TAMS 0x000000008f400000, 0x000000008f400000| Untracked 
| 163|0x000000008f500000, 0x000000008f500000, 0x000000008f600000|  0%| F|  |TAMS 0x000000008f500000, 0x000000008f500000| Untracked 
| 164|0x000000008f600000, 0x000000008f600000, 0x000000008f700000|  0%| F|  |TAMS 0x000000008f600000, 0x000000008f600000| Untracked 
| 165|0x000000008f700000, 0x000000008f700000, 0x000000008f800000|  0%| F|  |TAMS 0x000000008f700000, 0x000000008f700000| Untracked 
| 166|0x000000008f800000, 0x000000008f800000, 0x000000008f900000|  0%| F|  |TAMS 0x000000008f800000, 0x000000008f800000| Untracked 
| 167|0x000000008f900000, 0x000000008f900000, 0x000000008fa00000|  0%| F|  |TAMS 0x000000008f900000, 0x000000008f900000| Untracked 
| 168|0x000000008fa00000, 0x000000008fa00000, 0x000000008fb00000|  0%| F|  |TAMS 0x000000008fa00000, 0x000000008fa00000| Untracked 
| 169|0x000000008fb00000, 0x000000008fb00000, 0x000000008fc00000|  0%| F|  |TAMS 0x000000008fb00000, 0x000000008fb00000| Untracked 
| 170|0x000000008fc00000, 0x000000008fc00000, 0x000000008fd00000|  0%| F|  |TAMS 0x000000008fc00000, 0x000000008fc00000| Untracked 
| 171|0x000000008fd00000, 0x000000008fd00000, 0x000000008fe00000|  0%| F|  |TAMS 0x000000008fd00000, 0x000000008fd00000| Untracked 
| 172|0x000000008fe00000, 0x000000008fe00000, 0x000000008ff00000|  0%| F|  |TAMS 0x000000008fe00000, 0x000000008fe00000| Untracked 
| 173|0x000000008ff00000, 0x000000008ff00000, 0x0000000090000000|  0%| F|  |TAMS 0x000000008ff00000, 0x000000008ff00000| Untracked 
| 174|0x0000000090000000, 0x0000000090000000, 0x0000000090100000|  0%| F|  |TAMS 0x0000000090000000, 0x0000000090000000| Untracked 
| 175|0x0000000090100000, 0x0000000090100000, 0x0000000090200000|  0%| F|  |TAMS 0x0000000090100000, 0x0000000090100000| Untracked 
| 176|0x0000000090200000, 0x0000000090200000, 0x0000000090300000|  0%| F|  |TAMS 0x0000000090200000, 0x0000000090200000| Untracked 
| 177|0x0000000090300000, 0x0000000090300000, 0x0000000090400000|  0%| F|  |TAMS 0x0000000090300000, 0x0000000090300000| Untracked 
| 178|0x0000000090400000, 0x0000000090400000, 0x0000000090500000|  0%| F|  |TAMS 0x0000000090400000, 0x0000000090400000| Untracked 
| 179|0x0000000090500000, 0x0000000090500000, 0x0000000090600000|  0%| F|  |TAMS 0x0000000090500000, 0x0000000090500000| Untracked 
| 180|0x0000000090600000, 0x0000000090600000, 0x0000000090700000|  0%| F|  |TAMS 0x0000000090600000, 0x0000000090600000| Untracked 
| 181|0x0000000090700000, 0x0000000090700000, 0x0000000090800000|  0%| F|  |TAMS 0x0000000090700000, 0x0000000090700000| Untracked 
| 182|0x0000000090800000, 0x0000000090800000, 0x0000000090900000|  0%| F|  |TAMS 0x0000000090800000, 0x0000000090800000| Untracked 
| 183|0x0000000090900000, 0x0000000090900000, 0x0000000090a00000|  0%| F|  |TAMS 0x0000000090900000, 0x0000000090900000| Untracked 
| 184|0x0000000090a00000, 0x0000000090a00000, 0x0000000090b00000|  0%| F|  |TAMS 0x0000000090a00000, 0x0000000090a00000| Untracked 
| 185|0x0000000090b00000, 0x0000000090b00000, 0x0000000090c00000|  0%| F|  |TAMS 0x0000000090b00000, 0x0000000090b00000| Untracked 
| 186|0x0000000090c00000, 0x0000000090c00000, 0x0000000090d00000|  0%| F|  |TAMS 0x0000000090c00000, 0x0000000090c00000| Untracked 
| 187|0x0000000090d00000, 0x0000000090d00000, 0x0000000090e00000|  0%| F|  |TAMS 0x0000000090d00000, 0x0000000090d00000| Untracked 
| 188|0x0000000090e00000, 0x0000000090e00000, 0x0000000090f00000|  0%| F|  |TAMS 0x0000000090e00000, 0x0000000090e00000| Untracked 
| 189|0x0000000090f00000, 0x0000000090f00000, 0x0000000091000000|  0%| F|  |TAMS 0x0000000090f00000, 0x0000000090f00000| Untracked 
| 190|0x0000000091000000, 0x0000000091000000, 0x0000000091100000|  0%| F|  |TAMS 0x0000000091000000, 0x0000000091000000| Untracked 
| 191|0x0000000091100000, 0x0000000091100000, 0x0000000091200000|  0%| F|  |TAMS 0x0000000091100000, 0x0000000091100000| Untracked 
| 192|0x0000000091200000, 0x0000000091200000, 0x0000000091300000|  0%| F|  |TAMS 0x0000000091200000, 0x0000000091200000| Untracked 
| 193|0x0000000091300000, 0x0000000091300000, 0x0000000091400000|  0%| F|  |TAMS 0x0000000091300000, 0x0000000091300000| Untracked 

Card table byte_map: [0x000001bd35ad0000,0x000001bd35eb0000] _byte_map_base: 0x000001bd356a7000

Marking Bits (Prev, Next): (CMBitMap*) 0x000001bd28dcfe60, (CMBitMap*) 0x000001bd28dcfe20
 Prev Bits: [0x000001bd38150000, 0x000001bd3a008000)
 Next Bits: [0x000001bd36290000, 0x000001bd38148000)

Polling page: 0x000001bd28e40000

Metaspace:

Usage:
  Non-class:     66.60 MB used.
      Class:     11.03 MB used.
       Both:     77.63 MB used.

Virtual space:
  Non-class space:      128.00 MB reserved,      67.00 MB ( 52%) committed,  2 nodes.
      Class space:        1.00 GB reserved,      11.44 MB (  1%) committed,  1 nodes.
             Both:        1.12 GB reserved,      78.44 MB (  7%) committed. 

Chunk freelists:
   Non-Class:  12.21 MB
       Class:  4.41 MB
        Both:  16.62 MB

MaxMetaspaceSize: unlimited
CompressedClassSpaceSize: 1.00 GB
Initial GC threshold: 21.00 MB
Current GC threshold: 115.44 MB
CDS: on
MetaspaceReclaimPolicy: balanced
 - commit_granule_bytes: 65536.
 - commit_granule_words: 8192.
 - virtual_space_node_default_size: 8388608.
 - enlarge_chunks_in_place: 1.
 - new_chunks_are_fully_committed: 0.
 - uncommit_free_chunks: 1.
 - use_allocation_guard: 0.
 - handle_deallocations: 1.


Internal statistics:

num_allocs_failed_limit: 9.
num_arena_births: 1294.
num_arena_deaths: 2.
num_vsnodes_births: 3.
num_vsnodes_deaths: 0.
num_space_committed: 1255.
num_space_uncommitted: 0.
num_chunks_returned_to_freelist: 12.
num_chunks_taken_from_freelist: 4390.
num_chunk_merges: 9.
num_chunk_splits: 3014.
num_chunks_enlarged: 2119.
num_inconsistent_stats: 0.

CodeCache: size=49152Kb used=22413Kb max_used=22413Kb free=26738Kb
 bounds [0x000001bd31e00000, 0x000001bd333f0000, 0x000001bd34e00000]
 total_blobs=13071 nmethods=12357 adapters=637
 compilation: enabled
              stopped_count=0, restarted_count=0
 full_count=0

Compilation events (20 events):
Event: 49.872 Thread 0x000001bd3caaee70 12557       1       java.nio.Buffer$1::getBufferAddress (5 bytes)
Event: 49.872 Thread 0x000001bd3caaee70 nmethod 12557 0x000001bd333ded90 code [0x000001bd333def20, 0x000001bd333deff8]
Event: 49.886 Thread 0x000001bd06c45040 12559       1       sun.nio.ch.SelectionKeyImpl::nioInterestOps (5 bytes)
Event: 49.886 Thread 0x000001bd3caaee70 12558       1       sun.nio.ch.SelectionKeyImpl::nioReadyOps (5 bytes)
Event: 49.886 Thread 0x000001bd044c2030 12560       1       sun.nio.ch.SelectionKeyImpl::readyOps (9 bytes)
Event: 49.886 Thread 0x000001bd06c45040 nmethod 12559 0x000001bd333df090 code [0x000001bd333df220, 0x000001bd333df2f8]
Event: 49.886 Thread 0x000001bd3caaee70 nmethod 12558 0x000001bd333df390 code [0x000001bd333df520, 0x000001bd333df5f8]
Event: 49.886 Thread 0x000001bd3caaee70 12561       1       org.apache.coyote.Request::protocol (5 bytes)
Event: 49.886 Thread 0x000001bd044c2030 nmethod 12560 0x000001bd333df690 code [0x000001bd333df820, 0x000001bd333df968]
Event: 49.887 Thread 0x000001bd3caaee70 nmethod 12561 0x000001bd333dfa10 code [0x000001bd333dfba0, 0x000001bd333dfc78]
Event: 49.887 Thread 0x000001bd3caaee70 12562       1       org.apache.catalina.connector.Request::setAsyncSupported (9 bytes)
Event: 49.887 Thread 0x000001bd3caaee70 nmethod 12562 0x000001bd333dfd10 code [0x000001bd333dfea0, 0x000001bd333dffd8]
Event: 49.887 Thread 0x000001bd06c45040 12563       1       org.springframework.security.web.firewall.StrictHttpFirewall::isNormalized (86 bytes)
Event: 49.887 Thread 0x000001bd044c2030 12564       1       org.springframework.util.LinkedCaseInsensitiveMap$1::<init> (12 bytes)
Event: 49.887 Thread 0x000001bd7e0d01e0 12565       1       org.springframework.util.LinkedCaseInsensitiveMap::<init> (48 bytes)
Event: 49.888 Thread 0x000001bd044c2030 nmethod 12564 0x000001bd333e0090 code [0x000001bd333e0220, 0x000001bd333e0368]
Event: 49.888 Thread 0x000001bd3caaee70 12566   !   1       org.springframework.http.server.ServletServerHttpRequest::getHeaders (283 bytes)
Event: 49.888 Thread 0x000001bd7e0d01e0 nmethod 12565 0x000001bd333e0410 code [0x000001bd333e0640, 0x000001bd333e0aa8]
Event: 49.889 Thread 0x000001bd06c45040 nmethod 12563 0x000001bd333e0c10 code [0x000001bd333e0e40, 0x000001bd333e1498]
Event: 49.890 Thread 0x000001bd3caaee70 nmethod 12566 0x000001bd333e1910 code [0x000001bd333e1c80, 0x000001bd333e2978]

GC Heap History (20 events):
Event: 10.258 GC heap after
{Heap after GC invocations=18 (full 0):
 garbage-first heap   total 152576K, used 71648K [0x0000000085200000, 0x0000000100000000)
  region size 1024K, 8 young (8192K), 8 survivors (8192K)
 Metaspace       used 67897K, committed 68608K, reserved 1114112K
  class space    used 9524K, committed 9856K, reserved 1048576K
}
Event: 10.437 GC heap before
{Heap before GC invocations=18 (full 0):
 garbage-first heap   total 152576K, used 122848K [0x0000000085200000, 0x0000000100000000)
  region size 1024K, 58 young (59392K), 8 survivors (8192K)
 Metaspace       used 68174K, committed 68864K, reserved 1114112K
  class space    used 9574K, committed 9920K, reserved 1048576K
}
Event: 10.445 GC heap after
{Heap after GC invocations=19 (full 0):
 garbage-first heap   total 152576K, used 75256K [0x0000000085200000, 0x0000000100000000)
  region size 1024K, 4 young (4096K), 4 survivors (4096K)
 Metaspace       used 68174K, committed 68864K, reserved 1114112K
  class space    used 9574K, committed 9920K, reserved 1048576K
}
Event: 10.546 GC heap before
{Heap before GC invocations=19 (full 0):
 garbage-first heap   total 152576K, used 124408K [0x0000000085200000, 0x0000000100000000)
  region size 1024K, 52 young (53248K), 4 survivors (4096K)
 Metaspace       used 68179K, committed 68864K, reserved 1114112K
  class space    used 9575K, committed 9920K, reserved 1048576K
}
Event: 10.549 GC heap after
{Heap after GC invocations=20 (full 0):
 garbage-first heap   total 152576K, used 75057K [0x0000000085200000, 0x0000000100000000)
  region size 1024K, 4 young (4096K), 4 survivors (4096K)
 Metaspace       used 68179K, committed 68864K, reserved 1114112K
  class space    used 9575K, committed 9920K, reserved 1048576K
}
Event: 10.774 GC heap before
{Heap before GC invocations=21 (full 0):
 garbage-first heap   total 152576K, used 125233K [0x0000000085200000, 0x0000000100000000)
  region size 1024K, 53 young (54272K), 4 survivors (4096K)
 Metaspace       used 68523K, committed 69248K, reserved 1114112K
  class space    used 9622K, committed 9984K, reserved 1048576K
}
Event: 10.778 GC heap after
{Heap after GC invocations=22 (full 0):
 garbage-first heap   total 152576K, used 76929K [0x0000000085200000, 0x0000000100000000)
  region size 1024K, 6 young (6144K), 6 survivors (6144K)
 Metaspace       used 68523K, committed 69248K, reserved 1114112K
  class space    used 9622K, committed 9984K, reserved 1048576K
}
Event: 10.781 GC heap before
{Heap before GC invocations=22 (full 0):
 garbage-first heap   total 152576K, used 77953K [0x0000000085200000, 0x0000000100000000)
  region size 1024K, 7 young (7168K), 6 survivors (6144K)
 Metaspace       used 68523K, committed 69248K, reserved 1114112K
  class space    used 9622K, committed 9984K, reserved 1048576K
}
Event: 10.786 GC heap after
{Heap after GC invocations=23 (full 0):
 garbage-first heap   total 198656K, used 77139K [0x0000000085200000, 0x0000000100000000)
  region size 1024K, 1 young (1024K), 1 survivors (1024K)
 Metaspace       used 68523K, committed 69248K, reserved 1114112K
  class space    used 9622K, committed 9984K, reserved 1048576K
}
Event: 11.028 GC heap before
{Heap before GC invocations=23 (full 0):
 garbage-first heap   total 198656K, used 162131K [0x0000000085200000, 0x0000000100000000)
  region size 1024K, 84 young (86016K), 1 survivors (1024K)
 Metaspace       used 68729K, committed 69440K, reserved 1114112K
  class space    used 9651K, committed 9984K, reserved 1048576K
}
Event: 11.038 GC heap after
{Heap after GC invocations=24 (full 0):
 garbage-first heap   total 198656K, used 89417K [0x0000000085200000, 0x0000000100000000)
  region size 1024K, 11 young (11264K), 11 survivors (11264K)
 Metaspace       used 68729K, committed 69440K, reserved 1114112K
  class space    used 9651K, committed 9984K, reserved 1048576K
}
Event: 11.214 GC heap before
{Heap before GC invocations=24 (full 0):
 garbage-first heap   total 198656K, used 159049K [0x0000000085200000, 0x0000000100000000)
  region size 1024K, 79 young (80896K), 11 survivors (11264K)
 Metaspace       used 69130K, committed 69888K, reserved 1114112K
  class space    used 9722K, committed 10112K, reserved 1048576K
}
Event: 11.223 GC heap after
{Heap after GC invocations=25 (full 0):
 garbage-first heap   total 198656K, used 93724K [0x0000000085200000, 0x0000000100000000)
  region size 1024K, 5 young (5120K), 5 survivors (5120K)
 Metaspace       used 69130K, committed 69888K, reserved 1114112K
  class space    used 9722K, committed 10112K, reserved 1048576K
}
Event: 11.537 GC heap before
{Heap before GC invocations=25 (full 0):
 garbage-first heap   total 198656K, used 161308K [0x0000000085200000, 0x0000000100000000)
  region size 1024K, 71 young (72704K), 5 survivors (5120K)
 Metaspace       used 69858K, committed 70592K, reserved 1114112K
  class space    used 9826K, committed 10176K, reserved 1048576K
}
Event: 11.544 GC heap after
{Heap after GC invocations=26 (full 0):
 garbage-first heap   total 198656K, used 96450K [0x0000000085200000, 0x0000000100000000)
  region size 1024K, 7 young (7168K), 7 survivors (7168K)
 Metaspace       used 69858K, committed 70592K, reserved 1114112K
  class space    used 9826K, committed 10176K, reserved 1048576K
}
Event: 47.744 GC heap before
{Heap before GC invocations=27 (full 0):
 garbage-first heap   total 198656K, used 164034K [0x0000000085200000, 0x0000000100000000)
  region size 1024K, 73 young (74752K), 7 survivors (7168K)
 Metaspace       used 75325K, committed 76096K, reserved 1179648K
  class space    used 10612K, committed 11008K, reserved 1048576K
}
Event: 47.763 GC heap after
{Heap after GC invocations=28 (full 0):
 garbage-first heap   total 198656K, used 102288K [0x0000000085200000, 0x0000000100000000)
  region size 1024K, 9 young (9216K), 9 survivors (9216K)
 Metaspace       used 75325K, committed 76096K, reserved 1179648K
  class space    used 10612K, committed 11008K, reserved 1048576K
}
Event: 47.787 GC heap before
{Heap before GC invocations=28 (full 0):
 garbage-first heap   total 198656K, used 103312K [0x0000000085200000, 0x0000000100000000)
  region size 1024K, 10 young (10240K), 9 survivors (9216K)
 Metaspace       used 75434K, committed 76160K, reserved 1179648K
  class space    used 10636K, committed 11008K, reserved 1048576K
}
Event: 47.794 GC heap after
{Heap after GC invocations=29 (full 0):
 garbage-first heap   total 198656K, used 101206K [0x0000000085200000, 0x0000000100000000)
  region size 1024K, 2 young (2048K), 2 survivors (2048K)
 Metaspace       used 75434K, committed 76160K, reserved 1179648K
  class space    used 10636K, committed 11008K, reserved 1048576K
}
Event: 49.894 GC heap before
{Heap before GC invocations=29 (full 0):
 garbage-first heap   total 198656K, used 162646K [0x0000000085200000, 0x0000000100000000)
  region size 1024K, 63 young (64512K), 2 survivors (2048K)
 Metaspace       used 79491K, committed 80320K, reserved 1179648K
  class space    used 11290K, committed 11712K, reserved 1048576K
}

Deoptimization events (12 events):
Event: 8.491 Thread 0x000001bd7f896440 DEOPT PACKING pc=0x000001bd323f1024 sp=0x0000002d718faa20
Event: 8.491 Thread 0x000001bd7f896440 DEOPT UNPACKING pc=0x000001bd31e566e3 sp=0x0000002d718f9f78 mode 0
Event: 9.384 Thread 0x000001bd7f896440 DEOPT PACKING pc=0x000001bd3246f722 sp=0x0000002d718fc3d0
Event: 9.384 Thread 0x000001bd7f896440 DEOPT UNPACKING pc=0x000001bd31e566e3 sp=0x0000002d718fb8d8 mode 3
Event: 9.384 Thread 0x000001bd7f896440 DEOPT PACKING pc=0x000001bd32430615 sp=0x0000002d718fc390
Event: 9.384 Thread 0x000001bd7f896440 DEOPT UNPACKING pc=0x000001bd31e566e3 sp=0x0000002d718fb8d8 mode 3
Event: 11.547 Thread 0x000001bd7f896440 DEOPT PACKING pc=0x000001bd32fe062c sp=0x0000002d718fc320
Event: 11.547 Thread 0x000001bd7f896440 DEOPT UNPACKING pc=0x000001bd31e566e3 sp=0x0000002d718fb8e8 mode 0
Event: 11.671 Thread 0x000001bd7f896440 DEOPT PACKING pc=0x000001bd32fe062c sp=0x0000002d718fd7e0
Event: 11.671 Thread 0x000001bd7f896440 DEOPT UNPACKING pc=0x000001bd31e566e3 sp=0x0000002d718fcda8 mode 0
Event: 48.214 Thread 0x000001bd069c65a0 DEOPT PACKING pc=0x000001bd32160814 sp=0x0000002d72afa4b0
Event: 48.214 Thread 0x000001bd069c65a0 DEOPT UNPACKING pc=0x000001bd31e566e3 sp=0x0000002d72af9960 mode 0

Classes unloaded (1 events):
Event: 11.605 Thread 0x000001bd3ca946f0 Unloading class 0x000001bd3e9b4000 'jdk/internal/reflect/GeneratedSerializationConstructorAccessor18'

Classes redefined (0 events):
No events

Internal exceptions (20 events):
Event: 9.717 Thread 0x000001bd7f896440 Exception <a 'sun/nio/fs/WindowsException'{0x000000008dedcea8}> (0x000000008dedcea8) 
thrown [s\open\src\hotspot\share\prims\jni.cpp, line 516]
Event: 9.732 Thread 0x000001bd7f896440 Exception <a 'java/lang/NoSuchMethodError'{0x000000008deffdc8}: 'int java.lang.invoke.DirectMethodHandle$Holder.invokeStaticInit(java.lang.Object, java.lang.Object, java.lang.Object, java.lang.Object)'> (0x000000008deffdc8) 
thrown [s\open\src\hotspot\share\interpreter\linkResolver.cpp, line 759]
Event: 10.028 Thread 0x000001bd7f896440 Exception <a 'java/lang/NoSuchMethodError'{0x000000008ca1d7e8}: 'java.lang.Object java.lang.invoke.Invokers$Holder.invoker(java.lang.Object, java.lang.Object, java.lang.Object, java.lang.Object)'> (0x000000008ca1d7e8) 
thrown [s\open\src\hotspot\share\interpreter\linkResolver.cpp, line 759]
Event: 10.029 Thread 0x000001bd7f896440 Exception <a 'java/lang/NoSuchMethodError'{0x000000008ca27420}: 'int java.lang.invoke.DirectMethodHandle$Holder.invokeSpecial(java.lang.Object, java.lang.Object, java.lang.Object, int)'> (0x000000008ca27420) 
thrown [s\open\src\hotspot\share\interpreter\linkResolver.cpp, line 759]
Event: 10.030 Thread 0x000001bd7f896440 Exception <a 'java/lang/NoSuchMethodError'{0x000000008ca39798}: 'java.lang.Object java.lang.invoke.DirectMethodHandle$Holder.invokeStatic(java.lang.Object, java.lang.Object, java.lang.Object, java.lang.Object, int)'> (0x000000008ca39798) 
thrown [s\open\src\hotspot\share\interpreter\linkResolver.cpp, line 759]
Event: 10.030 Thread 0x000001bd7f896440 Exception <a 'java/lang/NoSuchMethodError'{0x000000008ca40ec0}: 'void java.lang.invoke.DelegatingMethodHandle$Holder.reinvoke_L(java.lang.Object, java.lang.Object, int)'> (0x000000008ca40ec0) 
thrown [s\open\src\hotspot\share\interpreter\linkResolver.cpp, line 759]
Event: 10.031 Thread 0x000001bd7f896440 Exception <a 'java/lang/NoSuchMethodError'{0x000000008ca4f020}: 'java.lang.Object java.lang.invoke.Invokers$Holder.invokeExact_MT(java.lang.Object, java.lang.Object, java.lang.Object, java.lang.Object)'> (0x000000008ca4f020) 
thrown [s\open\src\hotspot\share\interpreter\linkResolver.cpp, line 759]
Event: 10.179 Thread 0x000001bd7f896440 Exception <a 'java/io/FileNotFoundException'{0x000000008b34a170}> (0x000000008b34a170) 
thrown [s\open\src\hotspot\share\prims\jni.cpp, line 516]
Event: 10.180 Thread 0x000001bd7f896440 Exception <a 'java/io/FileNotFoundException'{0x000000008b355810}> (0x000000008b355810) 
thrown [s\open\src\hotspot\share\prims\jni.cpp, line 516]
Event: 12.032 Thread 0x000001bd7f896440 Exception <a 'sun/nio/fs/WindowsException'{0x00000000901e6b98}> (0x00000000901e6b98) 
thrown [s\open\src\hotspot\share\prims\jni.cpp, line 516]
Event: 12.139 Thread 0x000001bd7f896440 Exception <a 'java/lang/IncompatibleClassChangeError'{0x000000008fb51b28}: Found class java.lang.Object, but interface was expected> (0x000000008fb51b28) 
thrown [s\open\src\hotspot\share\interpreter\linkResolver.cpp, line 826]
Event: 12.304 Thread 0x000001bd7f896440 Exception <a 'java/lang/NoSuchMethodError'{0x000000008f61cd58}: 'java.lang.Object java.lang.invoke.DirectMethodHandle$Holder.invokeInterface(java.lang.Object, java.lang.Object, java.lang.Object, java.lang.Object)'> (0x000000008f61cd58) 
thrown [s\open\src\hotspot\share\interpreter\linkResolver.cpp, line 759]
Event: 12.346 Thread 0x000001bd7f896440 Exception <a 'java/lang/NoSuchMethodError'{0x000000008f4314c0}: 'void java.lang.invoke.DirectMethodHandle$Holder.invokeVirtual(java.lang.Object, java.lang.Object, long)'> (0x000000008f4314c0) 
thrown [s\open\src\hotspot\share\interpreter\linkResolver.cpp, line 759]
Event: 12.443 Thread 0x000001bd7f896440 Exception <a 'java/lang/IncompatibleClassChangeError'{0x000000008efad0d0}: Found class java.lang.Object, but interface was expected> (0x000000008efad0d0) 
thrown [s\open\src\hotspot\share\interpreter\linkResolver.cpp, line 826]
Event: 12.624 Thread 0x000001bd7f896440 Exception <a 'java/lang/NoSuchMethodError'{0x000000008e8c3720}: 'java.lang.Object java.lang.invoke.DirectMethodHandle$Holder.newInvokeSpecial(java.lang.Object, java.lang.Object, int, java.lang.Object, java.lang.Object)'> (0x000000008e8c3720) 
thrown [s\open\src\hotspot\share\interpreter\linkResolver.cpp, line 759]
Event: 47.412 Thread 0x000001bd069c14a0 Exception <a 'java/lang/NoSuchMethodError'{0x000000008d7f3258}: 'java.lang.Object java.lang.invoke.DirectMethodHandle$Holder.invokeSpecial(java.lang.Object, java.lang.Object, java.lang.Object, java.lang.Object, java.lang.Object, long)'> (0x000000008d7f3258) 
thrown [s\open\src\hotspot\share\interpreter\linkResolver.cpp, line 759]
Event: 47.412 Thread 0x000001bd069c14a0 Exception <a 'java/lang/NoSuchMethodError'{0x000000008d7f6c98}: 'java.lang.Object java.lang.invoke.Invokers$Holder.linkToTargetMethod(java.lang.Object, java.lang.Object, java.lang.Object, long, java.lang.Object)'> (0x000000008d7f6c98) 
thrown [s\open\src\hotspot\share\interpreter\linkResolver.cpp, line 759]
Event: 47.933 Thread 0x000001bd069c6fc0 Exception <a 'java/lang/NoSuchMethodError'{0x0000000090c27740}: 'void java.lang.invoke.DirectMethodHandle$Holder.invokeSpecialIFC(java.lang.Object, java.lang.Object, int, java.lang.Object, java.lang.Object, java.lang.Object, java.lang.Object)'> (0x0000000090c27740) 
thrown [s\open\src\hotspot\share\interpreter\linkResolver.cpp, line 759]
Event: 48.086 Thread 0x000001bd069c14a0 Exception <a 'java/lang/IncompatibleClassChangeError'{0x000000009093e380}: Found class java.lang.Object, but interface was expected> (0x000000009093e380) 
thrown [s\open\src\hotspot\share\interpreter\linkResolver.cpp, line 826]
Event: 48.552 Thread 0x000001bd069c6fc0 Exception <a 'java/lang/NoSuchMethodError'{0x000000008f61e850}: 'java.lang.Object java.lang.invoke.DirectMethodHandle$Holder.newInvokeSpecial(java.lang.Object, long)'> (0x000000008f61e850) 
thrown [s\open\src\hotspot\share\interpreter\linkResolver.cpp, line 759]

VM Operations (20 events):
Event: 48.092 Executing VM operation: HandshakeAllThreads done
Event: 48.133 Executing VM operation: HandshakeAllThreads
Event: 48.133 Executing VM operation: HandshakeAllThreads done
Event: 48.135 Executing VM operation: HandshakeAllThreads
Event: 48.135 Executing VM operation: HandshakeAllThreads done
Event: 48.214 Executing VM operation: HandshakeAllThreads
Event: 48.214 Executing VM operation: HandshakeAllThreads done
Event: 48.403 Executing VM operation: HandshakeAllThreads
Event: 48.403 Executing VM operation: HandshakeAllThreads done
Event: 48.567 Executing VM operation: HandshakeAllThreads
Event: 48.584 Executing VM operation: HandshakeAllThreads done
Event: 48.610 Executing VM operation: HandshakeAllThreads
Event: 48.610 Executing VM operation: HandshakeAllThreads done
Event: 48.631 Executing VM operation: ICBufferFull
Event: 48.632 Executing VM operation: ICBufferFull done
Event: 48.666 Executing VM operation: HandshakeAllThreads
Event: 48.666 Executing VM operation: HandshakeAllThreads done
Event: 48.789 Executing VM operation: ICBufferFull
Event: 48.794 Executing VM operation: ICBufferFull done
Event: 49.893 Executing VM operation: G1CollectForAllocation

Events (20 events):
Event: 48.191 loading class java/util/stream/DoubleStream done
Event: 48.222 loading class java/util/concurrent/atomic/Striped64$Cell
Event: 48.223 loading class java/util/concurrent/atomic/Striped64$Cell done
Event: 48.284 loading class javax/crypto/spec/SecretKeySpec
Event: 48.285 loading class javax/crypto/spec/SecretKeySpec done
Event: 48.285 loading class javax/crypto/spec/SecretKeySpec$1
Event: 48.285 loading class javax/crypto/spec/SecretKeySpec$1 done
Event: 48.362 loading class javax/crypto/Mac
Event: 48.363 loading class javax/crypto/Mac done
Event: 48.363 loading class com/sun/crypto/provider/HmacCore$HmacSHA256
Event: 48.363 loading class com/sun/crypto/provider/HmacCore
Event: 48.363 loading class javax/crypto/MacSpi
Event: 48.364 loading class javax/crypto/MacSpi done
Event: 48.364 loading class com/sun/crypto/provider/HmacCore done
Event: 48.364 loading class com/sun/crypto/provider/HmacCore$HmacSHA256 done
Event: 48.547 loading class java/util/function/LongSupplier
Event: 48.549 loading class java/util/function/LongSupplier done
Event: 48.627 Thread 0x000001bd044c2030 Thread added: 0x000001bd044c2030
Event: 48.646 loading class java/math/BigDecimal$StringBuilderHelper
Event: 48.647 loading class java/math/BigDecimal$StringBuilderHelper done


Dynamic libraries:
0x00007ff656ac0000 - 0x00007ff656ad0000 	C:\Program Files\Java\jdk-17\bin\java.exe
0x00007ffab0850000 - 0x00007ffab0a67000 	C:\WINDOWS\SYSTEM32\ntdll.dll
0x00007ffaafdc0000 - 0x00007ffaafe84000 	C:\WINDOWS\System32\KERNEL32.DLL
0x00007ffaadb80000 - 0x00007ffaadf2d000 	C:\WINDOWS\System32\KERNELBASE.dll
0x00007ffaae3d0000 - 0x00007ffaae4e1000 	C:\WINDOWS\System32\ucrtbase.dll
0x00007ffaa46b0000 - 0x00007ffaa46cb000 	C:\Program Files\Java\jdk-17\bin\VCRUNTIME140.dll
0x00007ffaa8f20000 - 0x00007ffaa8f39000 	C:\Program Files\Java\jdk-17\bin\jli.dll
0x00007ffaae5f0000 - 0x00007ffaae6a2000 	C:\WINDOWS\System32\ADVAPI32.dll
0x00007ffaaec10000 - 0x00007ffaaecb7000 	C:\WINDOWS\System32\msvcrt.dll
0x00007ffab0760000 - 0x00007ffab0809000 	C:\WINDOWS\System32\sechost.dll
0x00007ffaadfa0000 - 0x00007ffaadfc8000 	C:\WINDOWS\System32\bcrypt.dll
0x00007ffab0640000 - 0x00007ffab0754000 	C:\WINDOWS\System32\RPCRT4.dll
0x00007ffaafe90000 - 0x00007ffab003e000 	C:\WINDOWS\System32\USER32.dll
0x00007ffaadfd0000 - 0x00007ffaadff6000 	C:\WINDOWS\System32\win32u.dll
0x00007ffab0300000 - 0x00007ffab0329000 	C:\WINDOWS\System32\GDI32.dll
0x00007ffa8a680000 - 0x00007ffa8a913000 	C:\WINDOWS\WinSxS\amd64_microsoft.windows.common-controls_6595b64144ccf1df_6.0.22621.3672_none_2713b9d173822955\COMCTL32.dll
0x00007ffaae000000 - 0x00007ffaae119000 	C:\WINDOWS\System32\gdi32full.dll
0x00007ffaae4f0000 - 0x00007ffaae58a000 	C:\WINDOWS\System32\msvcp_win.dll
0x00007ffaa8dd0000 - 0x00007ffaa8dda000 	C:\WINDOWS\SYSTEM32\VERSION.dll
0x00007ffaae590000 - 0x00007ffaae5c1000 	C:\WINDOWS\System32\IMM32.DLL
0x00007ffaa8f10000 - 0x00007ffaa8f1c000 	C:\Program Files\Java\jdk-17\bin\vcruntime140_1.dll
0x00007ffa8aac0000 - 0x00007ffa8ab4e000 	C:\Program Files\Java\jdk-17\bin\msvcp140.dll
0x00007ffa5beb0000 - 0x00007ffa5ca8f000 	C:\Program Files\Java\jdk-17\bin\server\jvm.dll
0x00007ffaaeb70000 - 0x00007ffaaeb78000 	C:\WINDOWS\System32\PSAPI.DLL
0x00007ffaa8e20000 - 0x00007ffaa8e54000 	C:\WINDOWS\SYSTEM32\WINMM.dll
0x00007ffaa9770000 - 0x00007ffaa9779000 	C:\WINDOWS\SYSTEM32\WSOCK32.dll
0x00007ffaaf410000 - 0x00007ffaaf481000 	C:\WINDOWS\System32\WS2_32.dll
0x00007ffaacbb0000 - 0x00007ffaacbc8000 	C:\WINDOWS\SYSTEM32\kernel.appcore.dll
0x00007ffaa46a0000 - 0x00007ffaa46aa000 	C:\Program Files\Java\jdk-17\bin\jimage.dll
0x00007ffaab3d0000 - 0x00007ffaab602000 	C:\WINDOWS\SYSTEM32\DBGHELP.DLL
0x00007ffaae760000 - 0x00007ffaaeae8000 	C:\WINDOWS\System32\combase.dll
0x00007ffab03a0000 - 0x00007ffab0477000 	C:\WINDOWS\System32\OLEAUT32.dll
0x00007ffa88f10000 - 0x00007ffa88f42000 	C:\WINDOWS\SYSTEM32\dbgcore.DLL
0x00007ffaae1e0000 - 0x00007ffaae25b000 	C:\WINDOWS\System32\bcryptPrimitives.dll
0x00007ffa9f650000 - 0x00007ffa9f65e000 	C:\Program Files\Java\jdk-17\bin\instrument.dll
0x00007ffa9f660000 - 0x00007ffa9f685000 	C:\Program Files\Java\jdk-17\bin\java.dll
0x00007ffa89d00000 - 0x00007ffa89dd7000 	C:\Program Files\Java\jdk-17\bin\jsvml.dll
0x00007ffaaf560000 - 0x00007ffaafdbf000 	C:\WINDOWS\System32\SHELL32.dll
0x00007ffaabad0000 - 0x00007ffaac3cc000 	C:\WINDOWS\SYSTEM32\windows.storage.dll
0x00007ffaab990000 - 0x00007ffaabacf000 	C:\WINDOWS\SYSTEM32\wintypes.dll
0x00007ffaaf140000 - 0x00007ffaaf234000 	C:\WINDOWS\System32\SHCORE.dll
0x00007ffab02a0000 - 0x00007ffab02fe000 	C:\WINDOWS\System32\shlwapi.dll
0x00007ffaadab0000 - 0x00007ffaadad1000 	C:\WINDOWS\SYSTEM32\profapi.dll
0x00007ffa8e180000 - 0x00007ffa8e198000 	C:\Program Files\Java\jdk-17\bin\zip.dll
0x00007ffaa4420000 - 0x00007ffaa4439000 	C:\Program Files\Java\jdk-17\bin\net.dll
0x00007ffaa9ac0000 - 0x00007ffaa9bf6000 	C:\WINDOWS\SYSTEM32\WINHTTP.dll
0x00007ffaad020000 - 0x00007ffaad089000 	C:\WINDOWS\system32\mswsock.dll
0x00007ffa8f3c0000 - 0x00007ffa8f3d6000 	C:\Program Files\Java\jdk-17\bin\nio.dll
0x00007ffa8e140000 - 0x00007ffa8e15a000 	C:\Program Files\JetBrains\IntelliJ IDEA 2020.3.4\bin\breakgen64.dll
0x00007ffaac6a0000 - 0x00007ffaac798000 	C:\WINDOWS\SYSTEM32\DNSAPI.dll
0x00007ffaac630000 - 0x00007ffaac65d000 	C:\WINDOWS\SYSTEM32\IPHLPAPI.DLL
0x00007ffaae5d0000 - 0x00007ffaae5d9000 	C:\WINDOWS\System32\NSI.dll
0x00007ffaa3e30000 - 0x00007ffaa3e3a000 	C:\Windows\System32\rasadhlp.dll
0x00007ffaa8b50000 - 0x00007ffaa8bd3000 	C:\WINDOWS\System32\fwpuclnt.dll
0x00007ffa93490000 - 0x00007ffa9349a000 	C:\Program Files\Java\jdk-17\bin\management.dll
0x00007ffa8f3b0000 - 0x00007ffa8f3bb000 	C:\Program Files\Java\jdk-17\bin\management_ext.dll
0x00007ffaad280000 - 0x00007ffaad29b000 	C:\WINDOWS\SYSTEM32\CRYPTSP.dll
0x00007ffaacb10000 - 0x00007ffaacb45000 	C:\WINDOWS\system32\rsaenh.dll
0x00007ffaad120000 - 0x00007ffaad148000 	C:\WINDOWS\SYSTEM32\USERENV.dll
0x00007ffaad2a0000 - 0x00007ffaad2ac000 	C:\WINDOWS\SYSTEM32\CRYPTBASE.dll
0x00007ffaa9870000 - 0x00007ffaa9889000 	C:\WINDOWS\SYSTEM32\dhcpcsvc6.DLL
0x00007ffaa97d0000 - 0x00007ffaa97ef000 	C:\WINDOWS\SYSTEM32\dhcpcsvc.DLL
0x00007ffa3cfe0000 - 0x00007ffa3cff7000 	C:\WINDOWS\system32\napinsp.dll
0x00007ffa3cfc0000 - 0x00007ffa3cfdb000 	C:\WINDOWS\system32\pnrpnsp.dll
0x00007ffa3cfa0000 - 0x00007ffa3cfb1000 	C:\WINDOWS\System32\winrnr.dll
0x00007ffa74010000 - 0x00007ffa74025000 	C:\WINDOWS\system32\wshbth.dll
0x00007ffa3d000000 - 0x00007ffa3d027000 	C:\WINDOWS\system32\nlansp_c.dll
0x00007ffa8e170000 - 0x00007ffa8e17e000 	C:\Program Files\Java\jdk-17\bin\sunmscapi.dll
0x00007ffaae260000 - 0x00007ffaae3c7000 	C:\WINDOWS\System32\CRYPT32.dll
0x00007ffaad420000 - 0x00007ffaad44e000 	C:\WINDOWS\SYSTEM32\ncrypt.dll
0x00007ffaad3e0000 - 0x00007ffaad417000 	C:\WINDOWS\SYSTEM32\NTASN1.dll
0x00007ffa8e160000 - 0x00007ffa8e168000 	C:\WINDOWS\system32\wshunix.dll

dbghelp: loaded successfully - version: 4.0.5 - missing functions: none
symbol engine: initialized successfully - sym options: 0x614 - pdb path: .;C:\Program Files\Java\jdk-17\bin;C:\WINDOWS\SYSTEM32;C:\WINDOWS\WinSxS\amd64_microsoft.windows.common-controls_6595b64144ccf1df_6.0.22621.3672_none_2713b9d173822955;C:\Program Files\Java\jdk-17\bin\server;C:\Program Files\JetBrains\IntelliJ IDEA 2020.3.4\bin

VM Arguments:
jvm_args: -XX:TieredStopAtLevel=1 -Xverify:none -Dspring.output.ansi.enabled=always -javaagent:C:\Program Files\JetBrains\IntelliJ IDEA 2020.3.4\lib\idea_rt.jar=50473:C:\Program Files\JetBrains\IntelliJ IDEA 2020.3.4\bin -Dcom.sun.management.jmxremote -Dspring.jmx.enabled=true -Dspring.liveBeansView.mbeanDomain -Dspring.application.admin.enabled=true -Dfile.encoding=UTF-8 
java_command: com.example.bee.BeeApplication
java_class_path (initial): C:\Users\Win10\AppData\Local\Temp\classpath1122195355.jar
Launcher Type: SUN_STANDARD

[Global flags]
     intx CICompilerCount                          = 4                                         {product} {ergonomic}
     uint ConcGCThreads                            = 2                                         {product} {ergonomic}
     uint G1ConcRefinementThreads                  = 8                                         {product} {ergonomic}
   size_t G1HeapRegionSize                         = 1048576                                   {product} {ergonomic}
    uintx GCDrainStackTargetSize                   = 64                                        {product} {ergonomic}
   size_t InitialHeapSize                          = 130023424                                 {product} {ergonomic}
     bool ManagementServer                         = true                                      {product} {command line}
   size_t MarkStackSize                            = 4194304                                   {product} {ergonomic}
   size_t MaxHeapSize                              = 2061500416                                {product} {ergonomic}
   size_t MaxNewSize                               = 1236271104                                {product} {ergonomic}
   size_t MinHeapDeltaBytes                        = 1048576                                   {product} {ergonomic}
   size_t MinHeapSize                              = 8388608                                   {product} {ergonomic}
    uintx NonProfiledCodeHeapSize                  = 0                                      {pd product} {ergonomic}
     bool ProfileInterpreter                       = false                                  {pd product} {command line}
    uintx ProfiledCodeHeapSize                     = 0                                      {pd product} {ergonomic}
   size_t SoftMaxHeapSize                          = 2061500416                             {manageable} {ergonomic}
     intx TieredStopAtLevel                        = 1                                         {product} {command line}
     bool UseCompressedClassPointers               = true                           {product lp64_product} {ergonomic}
     bool UseCompressedOops                        = true                           {product lp64_product} {ergonomic}
     bool UseG1GC                                  = true                                      {product} {ergonomic}
     bool UseLargePagesIndividualAllocation        = false                                  {pd product} {ergonomic}

Logging:
Log output configuration:
 #0: stdout all=warning uptime,level,tags
 #1: stderr all=off uptime,level,tags

Environment Variables:
JAVA_HOME=C:\Program Files\Java\jdk-17.0.2
PATH=C:\Python312\Scripts\;C:\Python312\;C:\Program Files\Common Files\Oracle\Java\javapath;C:\WINDOWS\system32;C:\WINDOWS;C:\WINDOWS\System32\Wbem;C:\WINDOWS\System32\WindowsPowerShell\v1.0\;C:\WINDOWS\System32\OpenSSH\;C:\Program Files\Microsoft SQL Server\Client SDK\ODBC\170\Tools\Binn\;C:\co_so_du_lieu-chay\150\Tools\Binn\;C:\Program Files\Microsoft SQL Server\150\Tools\Binn\;C:\Program Files\Microsoft SQL Server\150\DTS\Binn\;C:\Program Files\Azure Data Studio\bin;C:\Program Files\Java\jdk-17.0.2\bin;C:\MinGW;C:\Program Files (x86)\Microsoft SQL Server\160\Tools\Binn\;C:\Program Files\Microsoft SQL Server\160\Tools\Binn\;C:\Program Files\Microsoft SQL Server\160\DTS\Binn\;C:\Program Files (x86)\Microsoft SQL Server\160\DTS\Binn\;C:\Program Files\dotnet\;C:\Program Files\Git\cmd;C:\ProgramData\chocolatey\bin;C:\Users\Win10\AppData\Roaming\nvm;C:\Program Files\nodejs;C:\Program Files\GitHub CLI\;D:\DATN BeeSport\;C:\Users\Win10\AppData\Local\Microsoft\WindowsApps;C:\Program Files\Azure Data Studio\bin;D:\Java4\IntelliJ IDEA 2020.3.4\bin;C:\MinGW;;C:\MinGW;C:\Users\Win10\.dotnet\tools;D:\Visual Studio Code\Microsoft VS Code\bin;C:\Users\Win10\AppData\Roaming\npm;C:\Users\Win10\AppData\Roaming\nvm;C:\Program Files\nodejs;C:\Users\Win10\AppData\Local\GitHubDesktop\bin
USERNAME=Win10
OS=Windows_NT
PROCESSOR_IDENTIFIER=Intel64 Family 6 Model 140 Stepping 1, GenuineIntel



---------------  S Y S T E M  ---------------

OS:
 Windows 11 , 64 bit Build 22621 (10.0.22621.3672)
OS uptime: 5 days 14:24 hours

CPU: total 8 (initial active 8) (4 cores per cpu, 2 threads per core) family 6 model 140 stepping 1 microcode 0xb4, cx8, cmov, fxsr, ht, mmx, 3dnowpref, sse, sse2, sse3, ssse3, sse4.1, sse4.2, popcnt, lzcnt, tsc, tscinvbit, avx, avx2, aes, erms, clmul, bmi1, bmi2, adx, avx512f, avx512dq, avx512cd, avx512bw, avx512vl, sha, fma, vzeroupper, avx512_vpopcntdq, avx512_vpclmulqdq, avx512_vaes, avx512_vnni, clflush, clflushopt, clwb, avx512_vbmi2, avx512_vbmi

Memory: 4k page, system-wide physical 7859M (357M free)
TotalPageFile size 19042M (AvailPageFile size 206M)
current process WorkingSet (physical memory assigned to process): 324M, peak: 389M
current process commit charge ("private bytes"): 453M, peak: 785M

vm_info: Java HotSpot(TM) 64-Bit Server VM (17.0.10+11-LTS-240) for windows-amd64 JRE (17.0.10+11-LTS-240), built on Dec 19 2023 21:47:25 by "mach5one" with MS VC++ 17.1 (VS2022)

END.
